<?xml version="1.0" encoding="UTF-8"?>
<!-- Generated by org.testng.reporters.JUnitReportReporter -->
<testsuite hostname="ATMECSINDT-088" failures="0" tests="1" name="com.atmecs.project.script.SearchBlogs" time="15.497" errors="0" timestamp="27 Sep 2019 15:25:01 GMT" skipped="0">
  <testcase classname="com.atmecs.project.script.SearchBlogs" name="searchLog" time="15.497"/>
</testsuite> <!-- com.atmecs.project.script.SearchBlogs -->
