<?xml version="1.0" encoding="UTF-8"?>
<!-- Generated by org.testng.reporters.JUnitReportReporter -->
<testsuite hostname="ATMECSINDT-088" failures="0" tests="1" name="com.atmecs.project.script.SearchBlogs" time="19.781" errors="0" timestamp="30 Sep 2019 13:44:09 GMT" skipped="0">
  <testcase classname="com.atmecs.project.script.SearchBlogs" name="searchLog" time="19.781"/>
</testsuite> <!-- com.atmecs.project.script.SearchBlogs -->
