<?xml version="1.0" encoding="UTF-8"?>
<!-- Generated by org.testng.reporters.JUnitReportReporter -->
<testsuite hostname="ATMECSINDT-088" failures="0" tests="7" name="com.atmecs.project.script.VerifyFooter" time="39.083" errors="0" timestamp="30 Sep 2019 14:28:36 GMT" skipped="0">
  <testcase classname="com.atmecs.project.script.VerifyFooter" name="verifyFooter" time="34.555"/>
  <testcase classname="com.atmecs.project.script.VerifyFooter" name="contextMenu" time="0.777"/>
  <testcase classname="com.atmecs.project.script.VerifyFooter" name="contextMenu" time="0.743"/>
  <testcase classname="com.atmecs.project.script.VerifyFooter" name="contextMenu" time="0.667"/>
  <testcase classname="com.atmecs.project.script.VerifyFooter" name="contextMenu" time="0.679"/>
  <testcase classname="com.atmecs.project.script.VerifyFooter" name="contextMenu" time="0.916"/>
  <testcase classname="com.atmecs.project.script.VerifyFooter" name="contextMenu" time="0.746"/>
</testsuite> <!-- com.atmecs.project.script.VerifyFooter -->
